2019-01-05 23:51:31 engine.py [line:39] INFO: 开始运行时间：2019-01-05 23:51:31.346975
2019-01-05 23:51:31 engine.py [line:94] INFO: 程序结束
2019-01-05 23:51:31 engine.py [line:42] INFO: 运行结束时间：2019-01-05 23:51:31.348937
2019-01-05 23:51:31 engine.py [line:43] INFO: 耗时：0.00
2019-01-05 23:51:56 engine.py [line:39] INFO: 开始运行时间：2019-01-05 23:51:56.422246
2019-01-05 23:51:56 engine.py [line:94] INFO: 程序结束
2019-01-05 23:51:56 engine.py [line:42] INFO: 运行结束时间：2019-01-05 23:51:56.733594
2019-01-05 23:51:56 engine.py [line:43] INFO: 耗时：0.31
2019-01-08 22:47:14 engine.py [line:39] INFO: 开始运行时间：2019-01-08 22:47:14.909964
2019-01-08 22:47:36 engine.py [line:39] INFO: 开始运行时间：2019-01-08 22:47:36.604289
2019-01-08 22:52:38 engine.py [line:39] INFO: 开始运行时间：2019-01-08 22:52:38.795654
2019-01-08 22:52:43 engine.py [line:106] INFO: 程序结束
2019-01-08 22:52:43 engine.py [line:42] INFO: 运行结束时间：2019-01-08 22:52:43.323818
2019-01-08 22:52:43 engine.py [line:43] INFO: 耗时：4.53
2019-01-08 22:52:43 engine.py [line:44] INFO: 总的请求数量:10
2019-01-08 22:52:43 engine.py [line:45] INFO: 总的响应数量:10
2019-01-08 23:20:04 engine.py [line:39] INFO: 开始运行时间：2019-01-08 23:20:04.892060
2019-01-08 23:48:31 engine.py [line:39] INFO: 开始运行时间：2019-01-08 23:48:31.557646
2019-01-09 00:00:43 engine.py [line:39] INFO: 开始运行时间：2019-01-09 00:00:43.666353
2019-01-09 00:00:48 engine.py [line:108] INFO: 程序结束
2019-01-09 00:00:48 engine.py [line:42] INFO: 运行结束时间：2019-01-09 00:00:48.160790
2019-01-09 00:00:48 engine.py [line:43] INFO: 耗时：4.49
2019-01-09 00:00:48 engine.py [line:44] INFO: 总的请求数量:10
2019-01-09 00:00:48 engine.py [line:45] INFO: 总的响应数量:10
2019-01-09 21:58:19 engine.py [line:39] INFO: 开始运行时间：2019-01-09 21:58:19.362359
